Using pre-set license
Built from '2020.3/release' branch; Version is '2020.3.12f1 (b3b2c6512326) revision 11776710'; Using compiler version '192528614'; Build Type 'Release'
OS: 'Windows 10 Pro; OS build 19041.1415; Version 2004; 64bit' Language: 'en' Physical Memory: 8029 MB
BatchMode: 1, IsHumanControllingUs: 0, StartBugReporterOnCrash: 0, Is64bit: 1, IsPro: 0

 COMMAND LINE ARGUMENTS:
D:\Unity\Unity\2020.3.12f1\Editor\Unity.exe
-adb2
-batchMode
-noUpm
-name
AssetImportWorker1
-projectPath
D:/uniproject/GGJ
-logFile
Logs/AssetImportWorker1.log
-srvPort
54483
Successfully changed project path to: D:/uniproject/GGJ
D:/uniproject/GGJ
Using Asset Import Pipeline V2.
Refreshing native plugins compatible for Editor in 68.63 ms, found 3 plugins.
Preloading 0 native plugins for Editor in 0.00 ms.
Initialize engine version: 2020.3.12f1 (b3b2c6512326)
[Subsystems] Discovering subsystems at path D:/Unity/Unity/2020.3.12f1/Editor/Data/Resources/UnitySubsystems
[Subsystems] Discovering subsystems at path D:/uniproject/GGJ/Assets
GfxDevice: creating device client; threaded=0
Direct3D:
    Version:  Direct3D 11.0 [level 11.1]
    Renderer: NVIDIA GeForce GTX 1650 (ID=0x1f91)
    Vendor:   
    VRAM:     3962 MB
    Driver:   30.0.14.7141
Initialize mono
Mono path[0] = 'D:/Unity/Unity/2020.3.12f1/Editor/Data/Managed'
Mono path[1] = 'D:/Unity/Unity/2020.3.12f1/Editor/Data/MonoBleedingEdge/lib/mono/unityjit'
Mono config path = 'D:/Unity/Unity/2020.3.12f1/Editor/Data/MonoBleedingEdge/etc'
Using monoOptions --debugger-agent=transport=dt_socket,embedding=1,server=y,suspend=n,address=127.0.0.1:56872
Begin MonoManager ReloadAssembly
Registering precompiled unity dll's ...
Register platform support module: D:/Unity/Unity/2020.3.12f1/Editor/Data/PlaybackEngines/WindowsStandaloneSupport/UnityEditor.WindowsStandalone.Extensions.dll
Registered in 0.006454 seconds.
Native extension for WindowsStandalone target not found
Refreshing native plugins compatible for Editor in 56.98 ms, found 3 plugins.
Preloading 0 native plugins for Editor in 0.00 ms.
Mono: successfully reloaded assembly
- Completed reload, in  7.549 seconds
Platform modules already initialized, skipping
Registering precompiled user dll's ...
Registered in 0.012986 seconds.
Begin MonoManager ReloadAssembly
Native extension for WindowsStandalone target not found
Refreshing native plugins compatible for Editor in 58.13 ms, found 3 plugins.
Preloading 0 native plugins for Editor in 0.00 ms.
Mono: successfully reloaded assembly
- Completed reload, in  1.870 seconds
Platform modules already initialized, skipping
========================================================================
Worker process is ready to serve import requests
Launched and connected shader compiler UnityShaderCompiler.exe after 0.10 seconds
Refreshing native plugins compatible for Editor in 0.89 ms, found 3 plugins.
Preloading 0 native plugins for Editor in 0.00 ms.
Unloading 2094 Unused Serialized files (Serialized files now loaded: 0)
System memory in use before: 95.2 MB.
System memory in use after: 95.2 MB.

Unloading 33 unused Assets to reduce memory usage. Loaded Objects now: 2529.
Total: 3.035600 ms (FindLiveObjects: 0.271700 ms CreateObjectMapping: 0.098300 ms MarkObjects: 2.513900 ms  DeleteObjects: 0.150800 ms)

AssetImportParameters requested are different than current active one (requested -> active):
  custom:framework-win-MediaFoundation: 216162199b28c13a410421893ffa2e32 -> 
  custom:video-decoder-ogg-theora: a1e56fd34408186e4bbccfd4996cb3dc -> 
  custom:container-muxer-webm: aa71ff27fc2769a1b78a27578f13a17b -> 
  custom:container-demuxer-webm: 4f35f7cbe854078d1ac9338744f61a02 -> 
  custom:container-demuxer-ogg: 62fdf1f143b41e24485cea50d1cbac27 -> 
  custom:video-encoder-webm-vp8: eb34c28f22e8b96e1ab97ce403110664 -> 
  custom:video-decoder-webm-vp8: 9c59270c3fd7afecdb556c50c9e8de78 -> 
  custom:audio-decoder-ogg-vorbis: bf7c407c2cedff20999df2af8eb42d56 -> 
  custom:audio-encoder-webm-vorbis: bf7c407c2cedff20999df2af8eb42d56 -> 
========================================================================
Received Import Request.
  path: Assets/Character/idle.png
  artifactKey: Guid(51ac8ebe25f9b0d41b9c1f9e2233b9b5) Importer(815301076,1909f56bfc062723c751e8b465ee728b)
Start importing Assets/Character/idle.png using Guid(51ac8ebe25f9b0d41b9c1f9e2233b9b5) Importer(815301076,1909f56bfc062723c751e8b465ee728b)  -> (artifact id: '1faacef65d6eeb43e7c51497fc4ec324') in 0.230003 seconds 
  Import took 0.233860 seconds .

========================================================================
Received Import Request.
  Time since last request: 14.797305 seconds.
  path: Assets/Character/ziplama.png
  artifactKey: Guid(fba12e5188a6cb145aed36b524b109f7) Importer(815301076,1909f56bfc062723c751e8b465ee728b)
Start importing Assets/Character/ziplama.png using Guid(fba12e5188a6cb145aed36b524b109f7) Importer(815301076,1909f56bfc062723c751e8b465ee728b)  -> (artifact id: 'dbfc474fe401f730bdb038c05ea05044') in 0.031440 seconds 
  Import took 0.038707 seconds .

========================================================================
Received Import Request.
  Time since last request: 57.177934 seconds.
  path: Assets/Character/idle.anim
  artifactKey: Guid(d99175dbc8e981040ae16325c147601d) Importer(815301076,1909f56bfc062723c751e8b465ee728b)
Start importing Assets/Character/idle.anim using Guid(d99175dbc8e981040ae16325c147601d) Importer(815301076,1909f56bfc062723c751e8b465ee728b)  -> (artifact id: '470e827735d9ed66a8acf312946a1abe') in 0.015286 seconds 
  Import took 0.019356 seconds .

========================================================================
Received Prepare
Registering precompiled user dll's ...
Registered in 0.013252 seconds.
Begin MonoManager ReloadAssembly
Native extension for WindowsStandalone target not found
Refreshing native plugins compatible for Editor in 0.53 ms, found 3 plugins.
Preloading 0 native plugins for Editor in 0.00 ms.
Mono: successfully reloaded assembly
- Completed reload, in  1.457 seconds
Platform modules already initialized, skipping
Refreshing native plugins compatible for Editor in 0.49 ms, found 3 plugins.
Preloading 0 native plugins for Editor in 0.00 ms.
Unloading 2076 Unused Serialized files (Serialized files now loaded: 0)
System memory in use before: 96.8 MB.
System memory in use after: 96.8 MB.

Unloading 21 unused Assets to reduce memory usage. Loaded Objects now: 2539.
Total: 2.788500 ms (FindLiveObjects: 0.298900 ms CreateObjectMapping: 0.107800 ms MarkObjects: 2.274300 ms  DeleteObjects: 0.106500 ms)

AssetImportParameters requested are different than current active one (requested -> active):
  custom:framework-win-MediaFoundation: 216162199b28c13a410421893ffa2e32 -> 
  custom:video-decoder-ogg-theora: a1e56fd34408186e4bbccfd4996cb3dc -> 
  custom:container-muxer-webm: aa71ff27fc2769a1b78a27578f13a17b -> 
  custom:container-demuxer-webm: 4f35f7cbe854078d1ac9338744f61a02 -> 
  custom:container-demuxer-ogg: 62fdf1f143b41e24485cea50d1cbac27 -> 
  custom:video-encoder-webm-vp8: eb34c28f22e8b96e1ab97ce403110664 -> 
  custom:video-decoder-webm-vp8: 9c59270c3fd7afecdb556c50c9e8de78 -> 
  custom:audio-decoder-ogg-vorbis: bf7c407c2cedff20999df2af8eb42d56 -> 
  custom:audio-encoder-webm-vorbis: bf7c407c2cedff20999df2af8eb42d56 -> 
========================================================================
Received Import Request.
  Time since last request: 359.944944 seconds.
  path: Assets/Character/idle2.png
  artifactKey: Guid(ef0949c110f90534094824cff0dac9de) Importer(815301076,1909f56bfc062723c751e8b465ee728b)
Start importing Assets/Character/idle2.png using Guid(ef0949c110f90534094824cff0dac9de) Importer(815301076,1909f56bfc062723c751e8b465ee728b)  -> (artifact id: 'c1dbaa0dd364b5a9d4441344abfd08de') in 0.091666 seconds 
  Import took 0.096367 seconds .

========================================================================
Received Prepare
Registering precompiled user dll's ...
Registered in 0.013817 seconds.
Begin MonoManager ReloadAssembly
Native extension for WindowsStandalone target not found
Refreshing native plugins compatible for Editor in 0.49 ms, found 3 plugins.
Preloading 0 native plugins for Editor in 0.00 ms.
Mono: successfully reloaded assembly
- Completed reload, in  1.327 seconds
Platform modules already initialized, skipping
Refreshing native plugins compatible for Editor in 0.45 ms, found 3 plugins.
Preloading 0 native plugins for Editor in 0.00 ms.
Unloading 2076 Unused Serialized files (Serialized files now loaded: 0)
System memory in use before: 96.9 MB.
System memory in use after: 96.9 MB.

Unloading 21 unused Assets to reduce memory usage. Loaded Objects now: 2544.
Total: 2.598300 ms (FindLiveObjects: 0.219900 ms CreateObjectMapping: 0.078100 ms MarkObjects: 2.181600 ms  DeleteObjects: 0.117800 ms)

AssetImportParameters requested are different than current active one (requested -> active):
  custom:framework-win-MediaFoundation: 216162199b28c13a410421893ffa2e32 -> 
  custom:video-decoder-ogg-theora: a1e56fd34408186e4bbccfd4996cb3dc -> 
  custom:container-muxer-webm: aa71ff27fc2769a1b78a27578f13a17b -> 
  custom:container-demuxer-webm: 4f35f7cbe854078d1ac9338744f61a02 -> 
  custom:container-demuxer-ogg: 62fdf1f143b41e24485cea50d1cbac27 -> 
  custom:video-encoder-webm-vp8: eb34c28f22e8b96e1ab97ce403110664 -> 
  custom:video-decoder-webm-vp8: 9c59270c3fd7afecdb556c50c9e8de78 -> 
  custom:audio-decoder-ogg-vorbis: bf7c407c2cedff20999df2af8eb42d56 -> 
  custom:audio-encoder-webm-vorbis: bf7c407c2cedff20999df2af8eb42d56 -> 
========================================================================
Received Prepare
Registering precompiled user dll's ...
Registered in 0.011671 seconds.
Begin MonoManager ReloadAssembly
Native extension for WindowsStandalone target not found
Refreshing native plugins compatible for Editor in 0.49 ms, found 3 plugins.
Preloading 0 native plugins for Editor in 0.00 ms.
Mono: successfully reloaded assembly
- Completed reload, in  1.335 seconds
Platform modules already initialized, skipping
Refreshing native plugins compatible for Editor in 0.88 ms, found 3 plugins.
Preloading 0 native plugins for Editor in 0.00 ms.
Unloading 2076 Unused Serialized files (Serialized files now loaded: 0)
System memory in use before: 96.9 MB.
System memory in use after: 96.9 MB.

Unloading 21 unused Assets to reduce memory usage. Loaded Objects now: 2548.
Total: 2.943700 ms (FindLiveObjects: 0.233700 ms CreateObjectMapping: 0.085400 ms MarkObjects: 2.495800 ms  DeleteObjects: 0.127600 ms)

AssetImportParameters requested are different than current active one (requested -> active):
  custom:framework-win-MediaFoundation: 216162199b28c13a410421893ffa2e32 -> 
  custom:video-decoder-ogg-theora: a1e56fd34408186e4bbccfd4996cb3dc -> 
  custom:container-muxer-webm: aa71ff27fc2769a1b78a27578f13a17b -> 
  custom:container-demuxer-webm: 4f35f7cbe854078d1ac9338744f61a02 -> 
  custom:container-demuxer-ogg: 62fdf1f143b41e24485cea50d1cbac27 -> 
  custom:video-encoder-webm-vp8: eb34c28f22e8b96e1ab97ce403110664 -> 
  custom:video-decoder-webm-vp8: 9c59270c3fd7afecdb556c50c9e8de78 -> 
  custom:audio-decoder-ogg-vorbis: bf7c407c2cedff20999df2af8eb42d56 -> 
  custom:audio-encoder-webm-vorbis: bf7c407c2cedff20999df2af8eb42d56 -> 
========================================================================
Received Prepare
Registering precompiled user dll's ...
Registered in 0.015206 seconds.
Begin MonoManager ReloadAssembly
Native extension for WindowsStandalone target not found
Refreshing native plugins compatible for Editor in 0.59 ms, found 3 plugins.
Preloading 0 native plugins for Editor in 0.00 ms.
Mono: successfully reloaded assembly
- Completed reload, in  1.566 seconds
Platform modules already initialized, skipping
Refreshing native plugins compatible for Editor in 0.95 ms, found 3 plugins.
Preloading 0 native plugins for Editor in 0.00 ms.
Unloading 2076 Unused Serialized files (Serialized files now loaded: 0)
System memory in use before: 96.9 MB.
System memory in use after: 96.9 MB.

Unloading 21 unused Assets to reduce memory usage. Loaded Objects now: 2552.
Total: 2.899700 ms (FindLiveObjects: 0.239700 ms CreateObjectMapping: 0.135400 ms MarkObjects: 2.393800 ms  DeleteObjects: 0.129600 ms)

AssetImportParameters requested are different than current active one (requested -> active):
  custom:framework-win-MediaFoundation: 216162199b28c13a410421893ffa2e32 -> 
  custom:video-decoder-ogg-theora: a1e56fd34408186e4bbccfd4996cb3dc -> 
  custom:container-muxer-webm: aa71ff27fc2769a1b78a27578f13a17b -> 
  custom:container-demuxer-webm: 4f35f7cbe854078d1ac9338744f61a02 -> 
  custom:container-demuxer-ogg: 62fdf1f143b41e24485cea50d1cbac27 -> 
  custom:video-encoder-webm-vp8: eb34c28f22e8b96e1ab97ce403110664 -> 
  custom:video-decoder-webm-vp8: 9c59270c3fd7afecdb556c50c9e8de78 -> 
  custom:audio-decoder-ogg-vorbis: bf7c407c2cedff20999df2af8eb42d56 -> 
  custom:audio-encoder-webm-vorbis: bf7c407c2cedff20999df2af8eb42d56 -> 
========================================================================
Received Prepare
Registering precompiled user dll's ...
Registered in 0.013265 seconds.
Begin MonoManager ReloadAssembly
Native extension for WindowsStandalone target not found
Refreshing native plugins compatible for Editor in 0.57 ms, found 3 plugins.
Preloading 0 native plugins for Editor in 0.00 ms.
Mono: successfully reloaded assembly
- Completed reload, in  1.568 seconds
Platform modules already initialized, skipping
Refreshing native plugins compatible for Editor in 0.56 ms, found 3 plugins.
Preloading 0 native plugins for Editor in 0.00 ms.
Unloading 2076 Unused Serialized files (Serialized files now loaded: 0)
System memory in use before: 96.9 MB.
System memory in use after: 96.9 MB.

Unloading 21 unused Assets to reduce memory usage. Loaded Objects now: 2556.
Total: 3.743900 ms (FindLiveObjects: 0.371000 ms CreateObjectMapping: 0.132700 ms MarkObjects: 3.062600 ms  DeleteObjects: 0.176100 ms)

AssetImportParameters requested are different than current active one (requested -> active):
  custom:framework-win-MediaFoundation: 216162199b28c13a410421893ffa2e32 -> 
  custom:video-decoder-ogg-theora: a1e56fd34408186e4bbccfd4996cb3dc -> 
  custom:container-muxer-webm: aa71ff27fc2769a1b78a27578f13a17b -> 
  custom:container-demuxer-webm: 4f35f7cbe854078d1ac9338744f61a02 -> 
  custom:container-demuxer-ogg: 62fdf1f143b41e24485cea50d1cbac27 -> 
  custom:video-encoder-webm-vp8: eb34c28f22e8b96e1ab97ce403110664 -> 
  custom:video-decoder-webm-vp8: 9c59270c3fd7afecdb556c50c9e8de78 -> 
  custom:audio-decoder-ogg-vorbis: bf7c407c2cedff20999df2af8eb42d56 -> 
  custom:audio-encoder-webm-vorbis: bf7c407c2cedff20999df2af8eb42d56 -> 
========================================================================
Received Prepare
Registering precompiled user dll's ...
Registered in 0.013971 seconds.
Begin MonoManager ReloadAssembly
Native extension for WindowsStandalone target not found
Refreshing native plugins compatible for Editor in 0.52 ms, found 3 plugins.
Preloading 0 native plugins for Editor in 0.00 ms.
Mono: successfully reloaded assembly
- Completed reload, in  1.350 seconds
Platform modules already initialized, skipping
Refreshing native plugins compatible for Editor in 0.52 ms, found 3 plugins.
Preloading 0 native plugins for Editor in 0.00 ms.
Unloading 2076 Unused Serialized files (Serialized files now loaded: 0)
System memory in use before: 97.0 MB.
System memory in use after: 96.9 MB.

Unloading 21 unused Assets to reduce memory usage. Loaded Objects now: 2560.
Total: 2.802200 ms (FindLiveObjects: 0.212800 ms CreateObjectMapping: 0.081100 ms MarkObjects: 2.266200 ms  DeleteObjects: 0.241100 ms)

AssetImportParameters requested are different than current active one (requested -> active):
  custom:framework-win-MediaFoundation: 216162199b28c13a410421893ffa2e32 -> 
  custom:video-decoder-ogg-theora: a1e56fd34408186e4bbccfd4996cb3dc -> 
  custom:container-muxer-webm: aa71ff27fc2769a1b78a27578f13a17b -> 
  custom:container-demuxer-webm: 4f35f7cbe854078d1ac9338744f61a02 -> 
  custom:container-demuxer-ogg: 62fdf1f143b41e24485cea50d1cbac27 -> 
  custom:video-encoder-webm-vp8: eb34c28f22e8b96e1ab97ce403110664 -> 
  custom:video-decoder-webm-vp8: 9c59270c3fd7afecdb556c50c9e8de78 -> 
  custom:audio-decoder-ogg-vorbis: bf7c407c2cedff20999df2af8eb42d56 -> 
  custom:audio-encoder-webm-vorbis: bf7c407c2cedff20999df2af8eb42d56 -> 
========================================================================
Received Prepare
Registering precompiled user dll's ...
Registered in 0.013313 seconds.
Begin MonoManager ReloadAssembly
Native extension for WindowsStandalone target not found
Refreshing native plugins compatible for Editor in 0.52 ms, found 3 plugins.
Preloading 0 native plugins for Editor in 0.00 ms.
Mono: successfully reloaded assembly
- Completed reload, in  1.362 seconds
Platform modules already initialized, skipping
Refreshing native plugins compatible for Editor in 0.45 ms, found 3 plugins.
Preloading 0 native plugins for Editor in 0.00 ms.
Unloading 2076 Unused Serialized files (Serialized files now loaded: 0)
System memory in use before: 97.0 MB.
System memory in use after: 96.9 MB.

Unloading 21 unused Assets to reduce memory usage. Loaded Objects now: 2564.
Total: 2.479800 ms (FindLiveObjects: 0.236000 ms CreateObjectMapping: 0.067200 ms MarkObjects: 2.021300 ms  DeleteObjects: 0.154500 ms)

AssetImportParameters requested are different than current active one (requested -> active):
  custom:framework-win-MediaFoundation: 216162199b28c13a410421893ffa2e32 -> 
  custom:video-decoder-ogg-theora: a1e56fd34408186e4bbccfd4996cb3dc -> 
  custom:container-muxer-webm: aa71ff27fc2769a1b78a27578f13a17b -> 
  custom:container-demuxer-webm: 4f35f7cbe854078d1ac9338744f61a02 -> 
  custom:container-demuxer-ogg: 62fdf1f143b41e24485cea50d1cbac27 -> 
  custom:video-encoder-webm-vp8: eb34c28f22e8b96e1ab97ce403110664 -> 
  custom:video-decoder-webm-vp8: 9c59270c3fd7afecdb556c50c9e8de78 -> 
  custom:audio-decoder-ogg-vorbis: bf7c407c2cedff20999df2af8eb42d56 -> 
  custom:audio-encoder-webm-vorbis: bf7c407c2cedff20999df2af8eb42d56 -> 
========================================================================
Received Prepare
Registering precompiled user dll's ...
Registered in 0.015427 seconds.
Begin MonoManager ReloadAssembly
Native extension for WindowsStandalone target not found
Refreshing native plugins compatible for Editor in 0.48 ms, found 3 plugins.
Preloading 0 native plugins for Editor in 0.00 ms.
Mono: successfully reloaded assembly
- Completed reload, in  1.561 seconds
Platform modules already initialized, skipping
Refreshing native plugins compatible for Editor in 0.49 ms, found 3 plugins.
Preloading 0 native plugins for Editor in 0.00 ms.
Unloading 2076 Unused Serialized files (Serialized files now loaded: 0)
System memory in use before: 97.0 MB.
System memory in use after: 97.0 MB.

Unloading 21 unused Assets to reduce memory usage. Loaded Objects now: 2568.
Total: 2.624000 ms (FindLiveObjects: 0.233900 ms CreateObjectMapping: 0.079000 ms MarkObjects: 2.167300 ms  DeleteObjects: 0.142700 ms)

AssetImportParameters requested are different than current active one (requested -> active):
  custom:framework-win-MediaFoundation: 216162199b28c13a410421893ffa2e32 -> 
  custom:video-decoder-ogg-theora: a1e56fd34408186e4bbccfd4996cb3dc -> 
  custom:container-muxer-webm: aa71ff27fc2769a1b78a27578f13a17b -> 
  custom:container-demuxer-webm: 4f35f7cbe854078d1ac9338744f61a02 -> 
  custom:container-demuxer-ogg: 62fdf1f143b41e24485cea50d1cbac27 -> 
  custom:video-encoder-webm-vp8: eb34c28f22e8b96e1ab97ce403110664 -> 
  custom:video-decoder-webm-vp8: 9c59270c3fd7afecdb556c50c9e8de78 -> 
  custom:audio-decoder-ogg-vorbis: bf7c407c2cedff20999df2af8eb42d56 -> 
  custom:audio-encoder-webm-vorbis: bf7c407c2cedff20999df2af8eb42d56 -> 
========================================================================
Received Prepare
Registering precompiled user dll's ...
Registered in 0.025741 seconds.
Begin MonoManager ReloadAssembly
Native extension for WindowsStandalone target not found
Refreshing native plugins compatible for Editor in 0.83 ms, found 3 plugins.
Preloading 0 native plugins for Editor in 0.00 ms.
Mono: successfully reloaded assembly
- Completed reload, in  1.879 seconds
Platform modules already initialized, skipping
Refreshing native plugins compatible for Editor in 0.66 ms, found 3 plugins.
Preloading 0 native plugins for Editor in 0.00 ms.
Unloading 2076 Unused Serialized files (Serialized files now loaded: 0)
System memory in use before: 97.0 MB.
System memory in use after: 97.0 MB.

Unloading 21 unused Assets to reduce memory usage. Loaded Objects now: 2572.
Total: 3.271700 ms (FindLiveObjects: 0.302900 ms CreateObjectMapping: 0.105500 ms MarkObjects: 2.674700 ms  DeleteObjects: 0.187400 ms)

AssetImportParameters requested are different than current active one (requested -> active):
  custom:framework-win-MediaFoundation: 216162199b28c13a410421893ffa2e32 -> 
  custom:video-decoder-ogg-theora: a1e56fd34408186e4bbccfd4996cb3dc -> 
  custom:container-muxer-webm: aa71ff27fc2769a1b78a27578f13a17b -> 
  custom:container-demuxer-webm: 4f35f7cbe854078d1ac9338744f61a02 -> 
  custom:container-demuxer-ogg: 62fdf1f143b41e24485cea50d1cbac27 -> 
  custom:video-encoder-webm-vp8: eb34c28f22e8b96e1ab97ce403110664 -> 
  custom:video-decoder-webm-vp8: 9c59270c3fd7afecdb556c50c9e8de78 -> 
  custom:audio-decoder-ogg-vorbis: bf7c407c2cedff20999df2af8eb42d56 -> 
  custom:audio-encoder-webm-vorbis: bf7c407c2cedff20999df2af8eb42d56 -> 
========================================================================
Received Import Request.
  Time since last request: 560.655525 seconds.
  path: Assets/Character/beastIdle.gif
  artifactKey: Guid(4f78d3ac69bc512488fd70b15ad9ea85) Importer(815301076,1909f56bfc062723c751e8b465ee728b)
Start importing Assets/Character/beastIdle.gif using Guid(4f78d3ac69bc512488fd70b15ad9ea85) Importer(815301076,1909f56bfc062723c751e8b465ee728b)  -> (artifact id: 'b1106f0d565b99c2b204171f669ae7f0') in 0.087601 seconds 
  Import took 0.094398 seconds .

========================================================================
Received Prepare
Registering precompiled user dll's ...
Registered in 0.013945 seconds.
Begin MonoManager ReloadAssembly
Native extension for WindowsStandalone target not found
Refreshing native plugins compatible for Editor in 0.58 ms, found 3 plugins.
Preloading 0 native plugins for Editor in 0.00 ms.
Mono: successfully reloaded assembly
- Completed reload, in  1.611 seconds
Platform modules already initialized, skipping
Refreshing native plugins compatible for Editor in 0.59 ms, found 3 plugins.
Preloading 0 native plugins for Editor in 0.00 ms.
Unloading 2076 Unused Serialized files (Serialized files now loaded: 0)
System memory in use before: 97.0 MB.
System memory in use after: 97.0 MB.

Unloading 21 unused Assets to reduce memory usage. Loaded Objects now: 2577.
Total: 2.679000 ms (FindLiveObjects: 0.214600 ms CreateObjectMapping: 0.083400 ms MarkObjects: 2.269900 ms  DeleteObjects: 0.110300 ms)

AssetImportParameters requested are different than current active one (requested -> active):
  custom:framework-win-MediaFoundation: 216162199b28c13a410421893ffa2e32 -> 
  custom:video-decoder-ogg-theora: a1e56fd34408186e4bbccfd4996cb3dc -> 
  custom:container-muxer-webm: aa71ff27fc2769a1b78a27578f13a17b -> 
  custom:container-demuxer-webm: 4f35f7cbe854078d1ac9338744f61a02 -> 
  custom:container-demuxer-ogg: 62fdf1f143b41e24485cea50d1cbac27 -> 
  custom:video-encoder-webm-vp8: eb34c28f22e8b96e1ab97ce403110664 -> 
  custom:video-decoder-webm-vp8: 9c59270c3fd7afecdb556c50c9e8de78 -> 
  custom:audio-decoder-ogg-vorbis: bf7c407c2cedff20999df2af8eb42d56 -> 
  custom:audio-encoder-webm-vorbis: bf7c407c2cedff20999df2af8eb42d56 -> 
========================================================================
Received Prepare
Registering precompiled user dll's ...
Registered in 0.014196 seconds.
Begin MonoManager ReloadAssembly
Native extension for WindowsStandalone target not found
Refreshing native plugins compatible for Editor in 0.53 ms, found 3 plugins.
Preloading 0 native plugins for Editor in 0.00 ms.
Mono: successfully reloaded assembly
- Completed reload, in  1.608 seconds
Platform modules already initialized, skipping
Refreshing native plugins compatible for Editor in 0.67 ms, found 3 plugins.
Preloading 0 native plugins for Editor in 0.00 ms.
Unloading 2076 Unused Serialized files (Serialized files now loaded: 0)
System memory in use before: 97.0 MB.
System memory in use after: 97.0 MB.

Unloading 21 unused Assets to reduce memory usage. Loaded Objects now: 2581.
Total: 3.246300 ms (FindLiveObjects: 0.264800 ms CreateObjectMapping: 0.105300 ms MarkObjects: 2.662300 ms  DeleteObjects: 0.210700 ms)

AssetImportParameters requested are different than current active one (requested -> active):
  custom:framework-win-MediaFoundation: 216162199b28c13a410421893ffa2e32 -> 
  custom:video-decoder-ogg-theora: a1e56fd34408186e4bbccfd4996cb3dc -> 
  custom:container-muxer-webm: aa71ff27fc2769a1b78a27578f13a17b -> 
  custom:container-demuxer-webm: 4f35f7cbe854078d1ac9338744f61a02 -> 
  custom:container-demuxer-ogg: 62fdf1f143b41e24485cea50d1cbac27 -> 
  custom:video-encoder-webm-vp8: eb34c28f22e8b96e1ab97ce403110664 -> 
  custom:video-decoder-webm-vp8: 9c59270c3fd7afecdb556c50c9e8de78 -> 
  custom:audio-decoder-ogg-vorbis: bf7c407c2cedff20999df2af8eb42d56 -> 
  custom:audio-encoder-webm-vorbis: bf7c407c2cedff20999df2af8eb42d56 -> 
========================================================================
Received Prepare
Registering precompiled user dll's ...
Registered in 0.014947 seconds.
Begin MonoManager ReloadAssembly
Native extension for WindowsStandalone target not found
Refreshing native plugins compatible for Editor in 0.73 ms, found 3 plugins.
Preloading 0 native plugins for Editor in 0.00 ms.
Mono: successfully reloaded assembly
- Completed reload, in  1.526 seconds
Platform modules already initialized, skipping
Refreshing native plugins compatible for Editor in 0.60 ms, found 3 plugins.
Preloading 0 native plugins for Editor in 0.00 ms.
Unloading 2076 Unused Serialized files (Serialized files now loaded: 0)
System memory in use before: 97.0 MB.
System memory in use after: 97.0 MB.

Unloading 21 unused Assets to reduce memory usage. Loaded Objects now: 2585.
Total: 3.175300 ms (FindLiveObjects: 0.287500 ms CreateObjectMapping: 0.085500 ms MarkObjects: 2.669200 ms  DeleteObjects: 0.132100 ms)

AssetImportParameters requested are different than current active one (requested -> active):
  custom:framework-win-MediaFoundation: 216162199b28c13a410421893ffa2e32 -> 
  custom:video-decoder-ogg-theora: a1e56fd34408186e4bbccfd4996cb3dc -> 
  custom:container-muxer-webm: aa71ff27fc2769a1b78a27578f13a17b -> 
  custom:container-demuxer-webm: 4f35f7cbe854078d1ac9338744f61a02 -> 
  custom:container-demuxer-ogg: 62fdf1f143b41e24485cea50d1cbac27 -> 
  custom:video-encoder-webm-vp8: eb34c28f22e8b96e1ab97ce403110664 -> 
  custom:video-decoder-webm-vp8: 9c59270c3fd7afecdb556c50c9e8de78 -> 
  custom:audio-decoder-ogg-vorbis: bf7c407c2cedff20999df2af8eb42d56 -> 
  custom:audio-encoder-webm-vorbis: bf7c407c2cedff20999df2af8eb42d56 -> 
========================================================================
Received Prepare
Registering precompiled user dll's ...
Registered in 0.014927 seconds.
Begin MonoManager ReloadAssembly
Native extension for WindowsStandalone target not found
Refreshing native plugins compatible for Editor in 0.61 ms, found 3 plugins.
Preloading 0 native plugins for Editor in 0.00 ms.
Mono: successfully reloaded assembly
- Completed reload, in  2.289 seconds
Platform modules already initialized, skipping
Refreshing native plugins compatible for Editor in 0.79 ms, found 3 plugins.
Preloading 0 native plugins for Editor in 0.00 ms.
Unloading 2076 Unused Serialized files (Serialized files now loaded: 0)
System memory in use before: 97.0 MB.
System memory in use after: 97.0 MB.

Unloading 21 unused Assets to reduce memory usage. Loaded Objects now: 2589.
Total: 3.095700 ms (FindLiveObjects: 0.326000 ms CreateObjectMapping: 0.113100 ms MarkObjects: 2.523600 ms  DeleteObjects: 0.131700 ms)

AssetImportParameters requested are different than current active one (requested -> active):
  custom:framework-win-MediaFoundation: 216162199b28c13a410421893ffa2e32 -> 
  custom:video-decoder-ogg-theora: a1e56fd34408186e4bbccfd4996cb3dc -> 
  custom:container-muxer-webm: aa71ff27fc2769a1b78a27578f13a17b -> 
  custom:container-demuxer-webm: 4f35f7cbe854078d1ac9338744f61a02 -> 
  custom:container-demuxer-ogg: 62fdf1f143b41e24485cea50d1cbac27 -> 
  custom:video-encoder-webm-vp8: eb34c28f22e8b96e1ab97ce403110664 -> 
  custom:video-decoder-webm-vp8: 9c59270c3fd7afecdb556c50c9e8de78 -> 
  custom:audio-decoder-ogg-vorbis: bf7c407c2cedff20999df2af8eb42d56 -> 
  custom:audio-encoder-webm-vorbis: bf7c407c2cedff20999df2af8eb42d56 -> 
========================================================================
Received Prepare
Registering precompiled user dll's ...
Registered in 0.013936 seconds.
Begin MonoManager ReloadAssembly
Native extension for WindowsStandalone target not found
Refreshing native plugins compatible for Editor in 0.56 ms, found 3 plugins.
Preloading 0 native plugins for Editor in 0.00 ms.
Mono: successfully reloaded assembly
- Completed reload, in  1.713 seconds
Platform modules already initialized, skipping
Refreshing native plugins compatible for Editor in 1.06 ms, found 3 plugins.
Preloading 0 native plugins for Editor in 0.00 ms.
Unloading 2076 Unused Serialized files (Serialized files now loaded: 0)
System memory in use before: 97.0 MB.
System memory in use after: 97.0 MB.

Unloading 21 unused Assets to reduce memory usage. Loaded Objects now: 2593.
Total: 3.223400 ms (FindLiveObjects: 0.281400 ms CreateObjectMapping: 0.092200 ms MarkObjects: 2.723600 ms  DeleteObjects: 0.123400 ms)

AssetImportParameters requested are different than current active one (requested -> active):
  custom:framework-win-MediaFoundation: 216162199b28c13a410421893ffa2e32 -> 
  custom:video-decoder-ogg-theora: a1e56fd34408186e4bbccfd4996cb3dc -> 
  custom:container-muxer-webm: aa71ff27fc2769a1b78a27578f13a17b -> 
  custom:container-demuxer-webm: 4f35f7cbe854078d1ac9338744f61a02 -> 
  custom:container-demuxer-ogg: 62fdf1f143b41e24485cea50d1cbac27 -> 
  custom:video-encoder-webm-vp8: eb34c28f22e8b96e1ab97ce403110664 -> 
  custom:video-decoder-webm-vp8: 9c59270c3fd7afecdb556c50c9e8de78 -> 
  custom:audio-decoder-ogg-vorbis: bf7c407c2cedff20999df2af8eb42d56 -> 
  custom:audio-encoder-webm-vorbis: bf7c407c2cedff20999df2af8eb42d56 -> 
========================================================================
Received Import Request.
  Time since last request: 426.312210 seconds.
  path: Assets/Scenes/Scene2.unity
  artifactKey: Guid(d18661cb6aaab8749b33ec0f18c48f88) Importer(815301076,1909f56bfc062723c751e8b465ee728b)
Start importing Assets/Scenes/Scene2.unity using Guid(d18661cb6aaab8749b33ec0f18c48f88) Importer(815301076,1909f56bfc062723c751e8b465ee728b)  -> (artifact id: '8316c80bfb5c899cbd0e6b595892feeb') in 0.023924 seconds 
  Import took 0.030137 seconds .

========================================================================
Received Prepare
Registering precompiled user dll's ...
Registered in 0.014096 seconds.
Begin MonoManager ReloadAssembly
Native extension for WindowsStandalone target not found
Refreshing native plugins compatible for Editor in 0.92 ms, found 3 plugins.
Preloading 0 native plugins for Editor in 0.00 ms.
Mono: successfully reloaded assembly
- Completed reload, in  1.534 seconds
Platform modules already initialized, skipping
Refreshing native plugins compatible for Editor in 0.89 ms, found 3 plugins.
Preloading 0 native plugins for Editor in 0.00 ms.
Unloading 2076 Unused Serialized files (Serialized files now loaded: 0)
System memory in use before: 97.0 MB.
System memory in use after: 97.0 MB.

Unloading 21 unused Assets to reduce memory usage. Loaded Objects now: 2597.
Total: 3.216000 ms (FindLiveObjects: 0.266600 ms CreateObjectMapping: 0.102800 ms MarkObjects: 2.709300 ms  DeleteObjects: 0.136100 ms)

AssetImportParameters requested are different than current active one (requested -> active):
  custom:framework-win-MediaFoundation: 216162199b28c13a410421893ffa2e32 -> 
  custom:video-decoder-ogg-theora: a1e56fd34408186e4bbccfd4996cb3dc -> 
  custom:container-muxer-webm: aa71ff27fc2769a1b78a27578f13a17b -> 
  custom:container-demuxer-webm: 4f35f7cbe854078d1ac9338744f61a02 -> 
  custom:container-demuxer-ogg: 62fdf1f143b41e24485cea50d1cbac27 -> 
  custom:video-encoder-webm-vp8: eb34c28f22e8b96e1ab97ce403110664 -> 
  custom:video-decoder-webm-vp8: 9c59270c3fd7afecdb556c50c9e8de78 -> 
  custom:audio-decoder-ogg-vorbis: bf7c407c2cedff20999df2af8eb42d56 -> 
  custom:audio-encoder-webm-vorbis: bf7c407c2cedff20999df2af8eb42d56 -> 
========================================================================
Received Prepare
Registering precompiled user dll's ...
Registered in 0.012462 seconds.
Begin MonoManager ReloadAssembly
Native extension for WindowsStandalone target not found
Refreshing native plugins compatible for Editor in 0.53 ms, found 3 plugins.
Preloading 0 native plugins for Editor in 0.00 ms.
Mono: successfully reloaded assembly
- Completed reload, in  1.564 seconds
Platform modules already initialized, skipping
Refreshing native plugins compatible for Editor in 0.63 ms, found 3 plugins.
Preloading 0 native plugins for Editor in 0.00 ms.
Unloading 2076 Unused Serialized files (Serialized files now loaded: 0)
System memory in use before: 97.1 MB.
System memory in use after: 97.0 MB.

Unloading 21 unused Assets to reduce memory usage. Loaded Objects now: 2601.
Total: 3.018900 ms (FindLiveObjects: 0.253100 ms CreateObjectMapping: 0.088600 ms MarkObjects: 2.524600 ms  DeleteObjects: 0.151400 ms)

AssetImportParameters requested are different than current active one (requested -> active):
  custom:framework-win-MediaFoundation: 216162199b28c13a410421893ffa2e32 -> 
  custom:video-decoder-ogg-theora: a1e56fd34408186e4bbccfd4996cb3dc -> 
  custom:container-muxer-webm: aa71ff27fc2769a1b78a27578f13a17b -> 
  custom:container-demuxer-webm: 4f35f7cbe854078d1ac9338744f61a02 -> 
  custom:container-demuxer-ogg: 62fdf1f143b41e24485cea50d1cbac27 -> 
  custom:video-encoder-webm-vp8: eb34c28f22e8b96e1ab97ce403110664 -> 
  custom:video-decoder-webm-vp8: 9c59270c3fd7afecdb556c50c9e8de78 -> 
  custom:audio-decoder-ogg-vorbis: bf7c407c2cedff20999df2af8eb42d56 -> 
  custom:audio-encoder-webm-vorbis: bf7c407c2cedff20999df2af8eb42d56 -> 
========================================================================
Received Import Request.
  Time since last request: 113.346151 seconds.
  path: Assets/Scenes/Scene2.unity
  artifactKey: Guid(d18661cb6aaab8749b33ec0f18c48f88) Importer(815301076,1909f56bfc062723c751e8b465ee728b)
Start importing Assets/Scenes/Scene2.unity using Guid(d18661cb6aaab8749b33ec0f18c48f88) Importer(815301076,1909f56bfc062723c751e8b465ee728b)  -> (artifact id: '63bbe42885326c335dfe08703c66b750') in 0.020516 seconds 
  Import took 0.027416 seconds .

========================================================================
Received Import Request.
  Time since last request: 0.000244 seconds.
  path: Assets/Scenes/Scene1.unity
  artifactKey: Guid(2cda990e2423bbf4892e6590ba056729) Importer(815301076,1909f56bfc062723c751e8b465ee728b)
Start importing Assets/Scenes/Scene1.unity using Guid(2cda990e2423bbf4892e6590ba056729) Importer(815301076,1909f56bfc062723c751e8b465ee728b)  -> (artifact id: '2a82e28bb58b9df6a560c8e9d4bd56de') in 0.005679 seconds 
  Import took 0.010406 seconds .

========================================================================
Received Prepare
Registering precompiled user dll's ...
Registered in 0.012613 seconds.
Begin MonoManager ReloadAssembly
Native extension for WindowsStandalone target not found
Refreshing native plugins compatible for Editor in 1.51 ms, found 3 plugins.
Preloading 0 native plugins for Editor in 0.00 ms.
Mono: successfully reloaded assembly
- Completed reload, in  2.095 seconds
Platform modules already initialized, skipping
Refreshing native plugins compatible for Editor in 1.06 ms, found 3 plugins.
Preloading 0 native plugins for Editor in 0.00 ms.
Unloading 2076 Unused Serialized files (Serialized files now loaded: 0)
System memory in use before: 97.1 MB.
System memory in use after: 97.1 MB.

Unloading 21 unused Assets to reduce memory usage. Loaded Objects now: 2605.
Total: 3.718500 ms (FindLiveObjects: 0.465000 ms CreateObjectMapping: 0.192000 ms MarkObjects: 2.810400 ms  DeleteObjects: 0.249100 ms)

AssetImportParameters requested are different than current active one (requested -> active):
  custom:framework-win-MediaFoundation: 216162199b28c13a410421893ffa2e32 -> 
  custom:video-decoder-ogg-theora: a1e56fd34408186e4bbccfd4996cb3dc -> 
  custom:container-muxer-webm: aa71ff27fc2769a1b78a27578f13a17b -> 
  custom:container-demuxer-webm: 4f35f7cbe854078d1ac9338744f61a02 -> 
  custom:container-demuxer-ogg: 62fdf1f143b41e24485cea50d1cbac27 -> 
  custom:video-encoder-webm-vp8: eb34c28f22e8b96e1ab97ce403110664 -> 
  custom:video-decoder-webm-vp8: 9c59270c3fd7afecdb556c50c9e8de78 -> 
  custom:audio-decoder-ogg-vorbis: bf7c407c2cedff20999df2af8eb42d56 -> 
  custom:audio-encoder-webm-vorbis: bf7c407c2cedff20999df2af8eb42d56 -> 
========================================================================
Received Prepare
Registering precompiled user dll's ...
Registered in 0.025447 seconds.
Begin MonoManager ReloadAssembly
Native extension for WindowsStandalone target not found
Refreshing native plugins compatible for Editor in 1.11 ms, found 3 plugins.
Preloading 0 native plugins for Editor in 0.00 ms.
Mono: successfully reloaded assembly
- Completed reload, in  2.204 seconds
Platform modules already initialized, skipping
Refreshing native plugins compatible for Editor in 1.02 ms, found 3 plugins.
Preloading 0 native plugins for Editor in 0.00 ms.
Unloading 2076 Unused Serialized files (Serialized files now loaded: 0)
System memory in use before: 97.1 MB.
System memory in use after: 97.1 MB.

Unloading 21 unused Assets to reduce memory usage. Loaded Objects now: 2609.
Total: 5.427800 ms (FindLiveObjects: 0.337300 ms CreateObjectMapping: 0.222900 ms MarkObjects: 4.651300 ms  DeleteObjects: 0.214200 ms)

AssetImportParameters requested are different than current active one (requested -> active):
  custom:framework-win-MediaFoundation: 216162199b28c13a410421893ffa2e32 -> 
  custom:video-decoder-ogg-theora: a1e56fd34408186e4bbccfd4996cb3dc -> 
  custom:container-muxer-webm: aa71ff27fc2769a1b78a27578f13a17b -> 
  custom:container-demuxer-webm: 4f35f7cbe854078d1ac9338744f61a02 -> 
  custom:container-demuxer-ogg: 62fdf1f143b41e24485cea50d1cbac27 -> 
  custom:video-encoder-webm-vp8: eb34c28f22e8b96e1ab97ce403110664 -> 
  custom:video-decoder-webm-vp8: 9c59270c3fd7afecdb556c50c9e8de78 -> 
  custom:audio-decoder-ogg-vorbis: bf7c407c2cedff20999df2af8eb42d56 -> 
  custom:audio-encoder-webm-vorbis: bf7c407c2cedff20999df2af8eb42d56 -> 
========================================================================
Received Import Request.
  Time since last request: 93.040750 seconds.
  path: Assets/Scenes/Scene3.unity
  artifactKey: Guid(1f7b2040a8cc9b044b6a2ada32472e71) Importer(815301076,1909f56bfc062723c751e8b465ee728b)
Start importing Assets/Scenes/Scene3.unity using Guid(1f7b2040a8cc9b044b6a2ada32472e71) Importer(815301076,1909f56bfc062723c751e8b465ee728b)  -> (artifact id: '879f046c34ffbf39d2360928e59e9df0') in 0.019139 seconds 
  Import took 0.025942 seconds .

========================================================================
Received Import Request.
  Time since last request: 4.967911 seconds.
  path: Assets/Scenes/Scene2.unity
  artifactKey: Guid(d18661cb6aaab8749b33ec0f18c48f88) Importer(815301076,1909f56bfc062723c751e8b465ee728b)
Start importing Assets/Scenes/Scene2.unity using Guid(d18661cb6aaab8749b33ec0f18c48f88) Importer(815301076,1909f56bfc062723c751e8b465ee728b)  -> (artifact id: '15b54f5ce8cfc8f789f5a0c665fd8eac') in 0.005872 seconds 
  Import took 0.012886 seconds .

========================================================================
Received Import Request.
  Time since last request: 4.962695 seconds.
  path: Assets/Scenes/Scene3.unity
  artifactKey: Guid(1f7b2040a8cc9b044b6a2ada32472e71) Importer(815301076,1909f56bfc062723c751e8b465ee728b)
Start importing Assets/Scenes/Scene3.unity using Guid(1f7b2040a8cc9b044b6a2ada32472e71) Importer(815301076,1909f56bfc062723c751e8b465ee728b)  -> (artifact id: 'e26cc93b7828eb45d6e147f153e17424') in 0.004562 seconds 
  Import took 0.011243 seconds .

========================================================================
Received Prepare
Registering precompiled user dll's ...
Registered in 0.013001 seconds.
Begin MonoManager ReloadAssembly
Native extension for WindowsStandalone target not found
Refreshing native plugins compatible for Editor in 0.54 ms, found 3 plugins.
Preloading 0 native plugins for Editor in 0.00 ms.
Mono: successfully reloaded assembly
- Completed reload, in  1.601 seconds
Platform modules already initialized, skipping
Refreshing native plugins compatible for Editor in 0.87 ms, found 3 plugins.
Preloading 0 native plugins for Editor in 0.00 ms.
Unloading 2076 Unused Serialized files (Serialized files now loaded: 0)
System memory in use before: 97.1 MB.
System memory in use after: 97.1 MB.

Unloading 21 unused Assets to reduce memory usage. Loaded Objects now: 2613.
Total: 3.299500 ms (FindLiveObjects: 0.280300 ms CreateObjectMapping: 0.089600 ms MarkObjects: 2.752400 ms  DeleteObjects: 0.175700 ms)

AssetImportParameters requested are different than current active one (requested -> active):
  custom:framework-win-MediaFoundation: 216162199b28c13a410421893ffa2e32 -> 
  custom:video-decoder-ogg-theora: a1e56fd34408186e4bbccfd4996cb3dc -> 
  custom:container-muxer-webm: aa71ff27fc2769a1b78a27578f13a17b -> 
  custom:container-demuxer-webm: 4f35f7cbe854078d1ac9338744f61a02 -> 
  custom:container-demuxer-ogg: 62fdf1f143b41e24485cea50d1cbac27 -> 
  custom:video-encoder-webm-vp8: eb34c28f22e8b96e1ab97ce403110664 -> 
  custom:video-decoder-webm-vp8: 9c59270c3fd7afecdb556c50c9e8de78 -> 
  custom:audio-decoder-ogg-vorbis: bf7c407c2cedff20999df2af8eb42d56 -> 
  custom:audio-encoder-webm-vorbis: bf7c407c2cedff20999df2af8eb42d56 -> 
========================================================================
Received Prepare
Registering precompiled user dll's ...
Registered in 0.013344 seconds.
Begin MonoManager ReloadAssembly
Native extension for WindowsStandalone target not found
Refreshing native plugins compatible for Editor in 0.62 ms, found 3 plugins.
Preloading 0 native plugins for Editor in 0.00 ms.
Mono: successfully reloaded assembly
- Completed reload, in  1.391 seconds
Platform modules already initialized, skipping
Refreshing native plugins compatible for Editor in 0.68 ms, found 3 plugins.
Preloading 0 native plugins for Editor in 0.00 ms.
Unloading 2076 Unused Serialized files (Serialized files now loaded: 0)
System memory in use before: 97.1 MB.
System memory in use after: 97.1 MB.

Unloading 21 unused Assets to reduce memory usage. Loaded Objects now: 2617.
Total: 2.748500 ms (FindLiveObjects: 0.227200 ms CreateObjectMapping: 0.094900 ms MarkObjects: 2.313200 ms  DeleteObjects: 0.112000 ms)

AssetImportParameters requested are different than current active one (requested -> active):
  custom:framework-win-MediaFoundation: 216162199b28c13a410421893ffa2e32 -> 
  custom:video-decoder-ogg-theora: a1e56fd34408186e4bbccfd4996cb3dc -> 
  custom:container-muxer-webm: aa71ff27fc2769a1b78a27578f13a17b -> 
  custom:container-demuxer-webm: 4f35f7cbe854078d1ac9338744f61a02 -> 
  custom:container-demuxer-ogg: 62fdf1f143b41e24485cea50d1cbac27 -> 
  custom:video-encoder-webm-vp8: eb34c28f22e8b96e1ab97ce403110664 -> 
  custom:video-decoder-webm-vp8: 9c59270c3fd7afecdb556c50c9e8de78 -> 
  custom:audio-decoder-ogg-vorbis: bf7c407c2cedff20999df2af8eb42d56 -> 
  custom:audio-encoder-webm-vorbis: bf7c407c2cedff20999df2af8eb42d56 -> 
========================================================================
Received Import Request.
  Time since last request: 192.953710 seconds.
  path: Assets/Character/beast1.png
  artifactKey: Guid(15c7b19f3c2c4e44190c7705a56cf98a) Importer(815301076,1909f56bfc062723c751e8b465ee728b)
Start importing Assets/Character/beast1.png using Guid(15c7b19f3c2c4e44190c7705a56cf98a) Importer(815301076,1909f56bfc062723c751e8b465ee728b)  -> (artifact id: '0f8f1729620f1cb93956156040d8dd0a') in 0.104803 seconds 
  Import took 0.111138 seconds .

========================================================================
Received Import Request.
  Time since last request: 0.000326 seconds.
  path: Assets/Character/beast4.png
  artifactKey: Guid(cc4d2424727130641909505ce3343bbf) Importer(815301076,1909f56bfc062723c751e8b465ee728b)
Start importing Assets/Character/beast4.png using Guid(cc4d2424727130641909505ce3343bbf) Importer(815301076,1909f56bfc062723c751e8b465ee728b)  -> (artifact id: '678e50244ded04a695e20d77277e423a') in 0.034128 seconds 
  Import took 0.040740 seconds .

========================================================================
Received Import Request.
  Time since last request: 0.000247 seconds.
  path: Assets/Character/beast6.png
  artifactKey: Guid(5d968ed8453624d46b955618608a6fab) Importer(815301076,1909f56bfc062723c751e8b465ee728b)
Start importing Assets/Character/beast6.png using Guid(5d968ed8453624d46b955618608a6fab) Importer(815301076,1909f56bfc062723c751e8b465ee728b)  -> (artifact id: 'ee83385253a55cd737d258facde197a8') in 0.029259 seconds 
  Import took 0.040253 seconds .

========================================================================
Received Import Request.
  Time since last request: 0.000208 seconds.
  path: Assets/Character/beast2.png
  artifactKey: Guid(5cb45a0cffaf32b4eae472196ab59ece) Importer(815301076,1909f56bfc062723c751e8b465ee728b)
Start importing Assets/Character/beast2.png using Guid(5cb45a0cffaf32b4eae472196ab59ece) Importer(815301076,1909f56bfc062723c751e8b465ee728b)  -> (artifact id: 'cd82a9a4047ff7e818050f4f04091333') in 0.029507 seconds 
  Import took 0.036053 seconds .

========================================================================
Received Import Request.
  Time since last request: 0.000543 seconds.
  path: Assets/Character/beast3.png
  artifactKey: Guid(a7462552aa4571c41a30c3d338b1f481) Importer(815301076,1909f56bfc062723c751e8b465ee728b)
Start importing Assets/Character/beast3.png using Guid(a7462552aa4571c41a30c3d338b1f481) Importer(815301076,1909f56bfc062723c751e8b465ee728b)  -> (artifact id: 'd352a0aeca5de93001cc01963f81886a') in 0.024455 seconds 
  Import took 0.031071 seconds .

========================================================================
Received Import Request.
  Time since last request: 0.000904 seconds.
  path: Assets/Character/beast5.png
  artifactKey: Guid(3a5b39f885a3c34498da54877d9a63ec) Importer(815301076,1909f56bfc062723c751e8b465ee728b)
Start importing Assets/Character/beast5.png using Guid(3a5b39f885a3c34498da54877d9a63ec) Importer(815301076,1909f56bfc062723c751e8b465ee728b)  -> (artifact id: '54e383db60112db8709c6de6a4e761d5') in 0.024127 seconds 
  Import took 0.029189 seconds .

========================================================================
Received Import Request.
  Time since last request: 0.003108 seconds.
  path: Assets/Character/beast5.png
  artifactKey: Guid(3a5b39f885a3c34498da54877d9a63ec) Importer(815301076,1909f56bfc062723c751e8b465ee728b)
Start importing Assets/Character/beast5.png using Guid(3a5b39f885a3c34498da54877d9a63ec) Importer(815301076,1909f56bfc062723c751e8b465ee728b)  -> (artifact id: '54e383db60112db8709c6de6a4e761d5') in 0.020761 seconds 
  Import took 0.026411 seconds .

========================================================================
Received Import Request.
  Time since last request: 215.887595 seconds.
  path: Assets/Character/beastIdle.anim
  artifactKey: Guid(cd6b8b2bfceba9547893421074ca6a96) Importer(815301076,1909f56bfc062723c751e8b465ee728b)
Start importing Assets/Character/beastIdle.anim using Guid(cd6b8b2bfceba9547893421074ca6a96) Importer(815301076,1909f56bfc062723c751e8b465ee728b)  -> (artifact id: 'c1d352d3a4673829bde1a0b8ce8b6a9e') in 0.005949 seconds 
  Import took 0.011980 seconds .

========================================================================
Received Import Request.
  Time since last request: 0.003505 seconds.
  path: Assets/Character/beastIdle.anim
  artifactKey: Guid(cd6b8b2bfceba9547893421074ca6a96) Importer(815301076,1909f56bfc062723c751e8b465ee728b)
Start importing Assets/Character/beastIdle.anim using Guid(cd6b8b2bfceba9547893421074ca6a96) Importer(815301076,1909f56bfc062723c751e8b465ee728b)  -> (artifact id: 'c1d352d3a4673829bde1a0b8ce8b6a9e') in 0.005350 seconds 
  Import took 0.009095 seconds .

========================================================================
Received Import Request.
  Time since last request: 2.322590 seconds.
  path: Assets/Character/beast1.controller
  artifactKey: Guid(433be6618384bb64b917fb6f2de78df4) Importer(815301076,1909f56bfc062723c751e8b465ee728b)
Start importing Assets/Character/beast1.controller using Guid(433be6618384bb64b917fb6f2de78df4) Importer(815301076,1909f56bfc062723c751e8b465ee728b)  -> (artifact id: 'e1c1848cfbe3236369b74db91e200aa8') in 0.008260 seconds 
  Import took 0.014458 seconds .

========================================================================
Received Prepare
Registering precompiled user dll's ...
Registered in 0.013418 seconds.
Begin MonoManager ReloadAssembly
Native extension for WindowsStandalone target not found
Refreshing native plugins compatible for Editor in 0.57 ms, found 3 plugins.
Preloading 0 native plugins for Editor in 0.00 ms.
Mono: successfully reloaded assembly
- Completed reload, in  1.554 seconds
Platform modules already initialized, skipping
Refreshing native plugins compatible for Editor in 0.55 ms, found 3 plugins.
Preloading 0 native plugins for Editor in 0.00 ms.
Unloading 2076 Unused Serialized files (Serialized files now loaded: 0)
System memory in use before: 97.1 MB.
System memory in use after: 97.1 MB.

Unloading 21 unused Assets to reduce memory usage. Loaded Objects now: 2622.
Total: 3.110000 ms (FindLiveObjects: 0.232400 ms CreateObjectMapping: 0.091000 ms MarkObjects: 2.658100 ms  DeleteObjects: 0.127300 ms)

AssetImportParameters requested are different than current active one (requested -> active):
  custom:framework-win-MediaFoundation: 216162199b28c13a410421893ffa2e32 -> 
  custom:video-decoder-ogg-theora: a1e56fd34408186e4bbccfd4996cb3dc -> 
  custom:container-muxer-webm: aa71ff27fc2769a1b78a27578f13a17b -> 
  custom:container-demuxer-webm: 4f35f7cbe854078d1ac9338744f61a02 -> 
  custom:container-demuxer-ogg: 62fdf1f143b41e24485cea50d1cbac27 -> 
  custom:video-encoder-webm-vp8: eb34c28f22e8b96e1ab97ce403110664 -> 
  custom:video-decoder-webm-vp8: 9c59270c3fd7afecdb556c50c9e8de78 -> 
  custom:audio-decoder-ogg-vorbis: bf7c407c2cedff20999df2af8eb42d56 -> 
  custom:audio-encoder-webm-vorbis: bf7c407c2cedff20999df2af8eb42d56 -> 
========================================================================
Received Prepare
Registering precompiled user dll's ...
Registered in 0.012838 seconds.
Begin MonoManager ReloadAssembly
Native extension for WindowsStandalone target not found
Refreshing native plugins compatible for Editor in 0.58 ms, found 3 plugins.
Preloading 0 native plugins for Editor in 0.00 ms.
Mono: successfully reloaded assembly
- Completed reload, in  1.406 seconds
Platform modules already initialized, skipping
Refreshing native plugins compatible for Editor in 0.49 ms, found 3 plugins.
Preloading 0 native plugins for Editor in 0.00 ms.
Unloading 2076 Unused Serialized files (Serialized files now loaded: 0)
System memory in use before: 97.2 MB.
System memory in use after: 97.1 MB.

Unloading 21 unused Assets to reduce memory usage. Loaded Objects now: 2626.
Total: 2.754900 ms (FindLiveObjects: 0.218100 ms CreateObjectMapping: 0.069400 ms MarkObjects: 2.362700 ms  DeleteObjects: 0.104000 ms)

AssetImportParameters requested are different than current active one (requested -> active):
  custom:framework-win-MediaFoundation: 216162199b28c13a410421893ffa2e32 -> 
  custom:video-decoder-ogg-theora: a1e56fd34408186e4bbccfd4996cb3dc -> 
  custom:container-muxer-webm: aa71ff27fc2769a1b78a27578f13a17b -> 
  custom:container-demuxer-webm: 4f35f7cbe854078d1ac9338744f61a02 -> 
  custom:container-demuxer-ogg: 62fdf1f143b41e24485cea50d1cbac27 -> 
  custom:video-encoder-webm-vp8: eb34c28f22e8b96e1ab97ce403110664 -> 
  custom:video-decoder-webm-vp8: 9c59270c3fd7afecdb556c50c9e8de78 -> 
  custom:audio-decoder-ogg-vorbis: bf7c407c2cedff20999df2af8eb42d56 -> 
  custom:audio-encoder-webm-vorbis: bf7c407c2cedff20999df2af8eb42d56 -> 
========================================================================
Received Import Request.
  Time since last request: 69.836043 seconds.
  path: Assets/Scenes/Scene2.unity
  artifactKey: Guid(d18661cb6aaab8749b33ec0f18c48f88) Importer(815301076,1909f56bfc062723c751e8b465ee728b)
Start importing Assets/Scenes/Scene2.unity using Guid(d18661cb6aaab8749b33ec0f18c48f88) Importer(815301076,1909f56bfc062723c751e8b465ee728b)  -> (artifact id: '956e01af2ef2d8fdacb328d4009c8c93') in 0.019242 seconds 
  Import took 0.025614 seconds .

========================================================================
Received Import Request.
  Time since last request: 2.232325 seconds.
  path: Assets/Scenes/Scene3.unity
  artifactKey: Guid(1f7b2040a8cc9b044b6a2ada32472e71) Importer(815301076,1909f56bfc062723c751e8b465ee728b)
Start importing Assets/Scenes/Scene3.unity using Guid(1f7b2040a8cc9b044b6a2ada32472e71) Importer(815301076,1909f56bfc062723c751e8b465ee728b)  -> (artifact id: '3afd0463ebba4e68dd3e6ccc72985a90') in 0.005606 seconds 
  Import took 0.011406 seconds .

========================================================================
Received Import Request.
  Time since last request: 1.940962 seconds.
  path: Assets/Scenes/Scene1.unity
  artifactKey: Guid(2cda990e2423bbf4892e6590ba056729) Importer(815301076,1909f56bfc062723c751e8b465ee728b)
Start importing Assets/Scenes/Scene1.unity using Guid(2cda990e2423bbf4892e6590ba056729) Importer(815301076,1909f56bfc062723c751e8b465ee728b)  -> (artifact id: '9910544ea6a63a7e61169ce81b07559e') in 0.004022 seconds 
  Import took 0.010838 seconds .

AssetImportWorkerClient::OnTransportError - code=2 error=End of file
